androidApp/build/intermediates/manifest_merge_blame_file/release/manifest-merger-blame-release-report.txt
1<?xml version="1.0" encoding="utf-8"?>
2<manifest xmlns:android="http://schemas.android.com/apk/res/android"
3    package="fr.abdel.androidApp"
4    android:versionCode="1"
5    android:versionName="1.0" >
6
7    <uses-sdk
8        android:minSdkVersion="26"
8-->src\main\AndroidManifest.xml
9        android:targetSdkVersion="30" />
9-->src\main\AndroidManifest.xml
10
11    <application
11-->src\main\AndroidManifest.xml:3:5-13:19
12        android:allowBackup="false"
12-->src\main\AndroidManifest.xml:4:13-40
13        android:appComponentFactory="androidx.core.app.CoreComponentFactory"
13-->[androidx.core:core:1.3.1] AndroidManifest.xml:24:18-86
14        android:extractNativeLibs="false"
15        android:supportsRtl="true"
15-->src\main\AndroidManifest.xml:5:13-39
16        android:theme="@style/AppTheme" >
16-->src\main\AndroidManifest.xml:6:13-44
17        <activity android:name="fr.abdel.androidApp.MainActivity" >
17-->src\main\AndroidManifest.xml:7:9-12:20
17-->src\main\AndroidManifest.xml:7:19-47
18            <intent-filter>
18-->src\main\AndroidManifest.xml:8:13-11:29
19                <action android:name="android.intent.action.MAIN" />
19-->src\main\AndroidManifest.xml:9:17-68
19-->src\main\AndroidManifest.xml:9:25-66
20
21                <category android:name="android.intent.category.LAUNCHER" />
21-->src\main\AndroidManifest.xml:10:17-76
21-->src\main\AndroidManifest.xml:10:27-74
22            </intent-filter>
23        </activity>
24    </application>
25
26</manifest>